<?xml version="1.0" encoding="UTF-8"?>
<testsuite name="test" tests="2" skipped="0" failures="0" errors="0" timestamp="2021-01-12T22:09:41" hostname="SURFACEBRO" time="0.004">
  <properties/>
  <testcase name="assertNodeCounts" classname="test" time="0.003"/>
  <testcase name="assertLeafCounts" classname="test" time="0.0"/>
  <system-out><![CDATA[]]></system-out>
  <system-err><![CDATA[]]></system-err>
</testsuite>
