<?xml version="1.0" encoding="UTF-8"?>
<testsuite name="test" tests="2" skipped="0" failures="0" errors="0" timestamp="2021-01-04T18:25:52" hostname="Ijtans" time="0.003">
  <properties/>
  <testcase name="assertNodeCounts" classname="test" time="0.002"/>
  <testcase name="assertLeafCounts" classname="test" time="0.001"/>
  <system-out><![CDATA[]]></system-out>
  <system-err><![CDATA[]]></system-err>
</testsuite>
